<?xml version="1.0" encoding="utf-8"?><testsuites name="pytest tests"><testsuite name="pytest" errors="0" failures="0" skipped="0" tests="13" time="8.573" timestamp="2026-08-29T18:30:57.704952-07:00" hostname="reid-workstation"><testcase classname="tests.models.test_model_family_spines" name="test_owned_paths_cover_every_canonical_file" time="0.025" /><testcase classname="tests.models.test_model_family_spines" name="test_canonical_files_equal_the_family_twin_byte_for_byte[ife]" time="0.002" /><testcase classname="tests.models.test_model_family_spines" name="test_canonical_files_equal_the_family_twin_byte_for_byte[mfe]" time="0.002" /><testcase classname="tests.models.test_model_family_spines" name="test_shared_files_agree_in_all_three_homes" time="0.001" /><testcase classname="tests.models.test_model_family_spines" name="test_the_layout_mapping_refuses_a_logical_path_collision" time="0.003" /><testcase classname="tests.models.test_model_family_spines" name="test_family_subset_generates_and_live_equals_snapshot[ife]" time="0.959" /><testcase classname="tests.models.test_model_family_spines" name="test_family_subset_generates_and_live_equals_snapshot[mfe]" time="2.893" /><testcase classname="tests.models.test_model_family_spines" name="test_ife_census_is_23_entry_points_18_design_attributes" time="1.491" /><testcase classname="tests.models.test_model_family_spines" name="test_mfe_census_is_the_one_captured_from_the_first_clean_package" time="0.002" /><testcase classname="tests.models.test_model_family_spines" name="test_ife_gain_mutation_reaches_every_and_only_its_three_consumers" time="0.231" /><testcase classname="tests.models.test_model_family_spines" name="test_ife_beam_energy_mutation_reaches_its_nested_consumer_and_nothing_else" time="0.240" /><testcase classname="tests.models.test_model_family_spines" name="test_mfe_cas28_capital_mutation_reaches_every_and_only_its_two_rollups" time="1.347" /><testcase classname="tests.models.test_model_family_spines" name="test_mfe_blanket_thickness_mutation_reaches_the_radial_build_and_nothing_else" time="1.320" /></testsuite></testsuites>