<?xml version="1.0" encoding="utf-8"?><testsuites name="pytest tests"><testsuite name="pytest" errors="0" failures="0" skipped="0" tests="3" time="0.668" timestamp="2026-08-29T18:30:52.912517-07:00" hostname="reid-workstation"><testcase classname="tests.test_dependency_provenance" name="test_project_and_lock_pin_full_immutable_production_identities" time="0.105" /><testcase classname="tests.test_dependency_provenance" name="test_installed_artifacts_are_the_recorded_wheels_and_public_apis" time="0.544" /><testcase classname="tests.test_dependency_provenance" name="test_wrong_or_partial_pin_shapes_are_rejected_by_the_contract" time="0.001" /></testsuite></testsuites>